<?xml version="1.0" encoding="UTF-8"?>
<!-- Generated by org.testng.reporters.JUnitReportReporter -->
<testsuite hostname="EPINPUNW0467" failures="0" tests="3" name="Files.DynamicJson" time="3.432" errors="0" timestamp="16 Nov 2024 15:09:13 GMT">
  <testcase classname="Files.DynamicJson" name="addBook" time="2.026"/>
  <testcase classname="Files.DynamicJson" name="addBook" time="1.096"/>
  <testcase classname="Files.DynamicJson" name="addBook" time="0.310"/>
</testsuite> <!-- Files.DynamicJson -->
